{"/home/ludmila/Projetos_base/base3/src/index.ts": {"path":"/home/ludmila/Projetos_base/base3/src/index.ts","statementMap":{"0":{"start":{"line":1,"column":0},"end":{"line":1,"column":38}},"1":{"start":{"line":2,"column":0},"end":{"line":2,"column":24}},"2":{"start":{"line":3,"column":0},"end":{"line":3,"column":29}},"3":{"start":{"line":5,"column":1},"end":{"line":5,"column":41}},"4":{"start":{"line":6,"column":0},"end":{"line":6,"column":60}},"5":{"start":{"line":8,"column":12},"end":{"line":8,"column":21}},"6":{"start":{"line":10,"column":0},"end":{"line":10,"column":16}},"7":{"start":{"line":11,"column":0},"end":{"line":11,"column":16}},"8":{"start":{"line":13,"column":0},"end":{"line":13,"column":16}},"9":{"start":{"line":14,"column":0},"end":{"line":14,"column":null}},"10":{"start":{"line":16,"column":0},"end":{"line":16,"column":null}}},"fnMap":{},"branchMap":{},"s":{"0":1,"1":1,"2":1,"3":1,"4":1,"5":1,"6":1,"7":1,"8":1,"9":1,"10":1},"f":{},"b":{}}
,"/home/ludmila/Projetos_base/base3/src/controllers/toolsController.ts": {"path":"/home/ludmila/Projetos_base/base3/src/controllers/toolsController.ts","statementMap":{"0":{"start":{"line":2,"column":0},"end":{"line":2,"column":59}},"1":{"start":{"line":9,"column":21},"end":{"line":9,"column":50}},"2":{"start":{"line":10,"column":4},"end":{"line":10,"column":35}},"3":{"start":{"line":7,"column":0},"end":{"line":7,"column":22}},"4":{"start":{"line":15,"column":17},"end":{"line":15,"column":25}},"5":{"start":{"line":16,"column":21},"end":{"line":16,"column":58}},"6":{"start":{"line":17,"column":4},"end":{"line":17,"column":35}},"7":{"start":{"line":14,"column":2},"end":{"line":14,"column":24}},"8":{"start":{"line":21,"column":21},"end":{"line":21,"column":44}},"9":{"start":{"line":22,"column":4},"end":{"line":24,"column":null}},"10":{"start":{"line":23,"column":6},"end":{"line":23,"column":null}},"11":{"start":{"line":25,"column":19},"end":{"line":25,"column":52}},"12":{"start":{"line":26,"column":4},"end":{"line":26,"column":33}},"13":{"start":{"line":20,"column":2},"end":{"line":20,"column":24}}},"fnMap":{"0":{"name":"getTools","decl":{"start":{"line":7,"column":22},"end":{"line":7,"column":30}},"loc":{"start":{"line":7,"column":56},"end":{"line":11,"column":null}}},"1":{"name":"createTools","decl":{"start":{"line":14,"column":24},"end":{"line":14,"column":35}},"loc":{"start":{"line":14,"column":61},"end":{"line":18,"column":null}}},"2":{"name":"deleteTool","decl":{"start":{"line":20,"column":24},"end":{"line":20,"column":34}},"loc":{"start":{"line":20,"column":60},"end":{"line":28,"column":null}}}},"branchMap":{"0":{"loc":{"start":{"line":22,"column":4},"end":{"line":24,"column":null}},"type":"if","locations":[{"start":{"line":22,"column":4},"end":{"line":24,"column":null}}]}},"s":{"0":1,"1":2,"2":1,"3":1,"4":5,"5":5,"6":4,"7":1,"8":1,"9":1,"10":0,"11":1,"12":1,"13":1},"f":{"0":2,"1":5,"2":1},"b":{"0":[0]}}
,"/home/ludmila/Projetos_base/base3/src/dbStrategy/db.ts": {"path":"/home/ludmila/Projetos_base/base3/src/dbStrategy/db.ts","statementMap":{"0":{"start":{"line":2,"column":0},"end":{"line":2,"column":33}},"1":{"start":{"line":4,"column":25},"end":{"line":4,"column":28}},"2":{"start":{"line":5,"column":13},"end":{"line":5,"column":41}}},"fnMap":{},"branchMap":{},"s":{"0":2,"1":2,"2":2},"f":{},"b":{}}
,"/home/ludmila/Projetos_base/base3/src/middlewares/error.ts": {"path":"/home/ludmila/Projetos_base/base3/src/middlewares/error.ts","statementMap":{"0":{"start":{"line":3,"column":0},"end":{"line":3,"column":74}},"1":{"start":{"line":6,"column":2},"end":{"line":6,"column":null}},"2":{"start":{"line":8,"column":2},"end":{"line":11,"column":null}},"3":{"start":{"line":9,"column":23},"end":{"line":9,"column":53}},"4":{"start":{"line":10,"column":4},"end":{"line":10,"column":null}},"5":{"start":{"line":13,"column":2},"end":{"line":13,"column":22}},"6":{"start":{"line":5,"column":0},"end":{"line":5,"column":24}}},"fnMap":{"0":{"name":"handleErrorsMiddleware","decl":{"start":{"line":5,"column":24},"end":{"line":5,"column":46}},"loc":{"start":{"line":5,"column":103},"end":{"line":14,"column":1}}}},"branchMap":{"0":{"loc":{"start":{"line":8,"column":2},"end":{"line":11,"column":null}},"type":"if","locations":[{"start":{"line":8,"column":2},"end":{"line":11,"column":null}}]}},"s":{"0":1,"1":3,"2":3,"3":3,"4":3,"5":0,"6":1},"f":{"0":3},"b":{"0":[3]}}
,"/home/ludmila/Projetos_base/base3/src/middlewares/validateSchema.ts": {"path":"/home/ludmila/Projetos_base/base3/src/middlewares/validateSchema.ts","statementMap":{"0":{"start":{"line":5,"column":0},"end":{"line":5,"column":56}},"1":{"start":{"line":6,"column":0},"end":{"line":6,"column":52}},"2":{"start":{"line":12,"column":18},"end":{"line":12,"column":26}},"3":{"start":{"line":13,"column":23},"end":{"line":13,"column":62}},"4":{"start":{"line":14,"column":4},"end":{"line":16,"column":null}},"5":{"start":{"line":15,"column":6},"end":{"line":15,"column":null}},"6":{"start":{"line":18,"column":4},"end":{"line":18,"column":null}},"7":{"start":{"line":11,"column":0},"end":{"line":11,"column":16}}},"fnMap":{"0":{"name":"validateTools","decl":{"start":{"line":11,"column":16},"end":{"line":11,"column":29}},"loc":{"start":{"line":11,"column":76},"end":{"line":19,"column":3}}}},"branchMap":{"0":{"loc":{"start":{"line":14,"column":4},"end":{"line":16,"column":null}},"type":"if","locations":[{"start":{"line":14,"column":4},"end":{"line":16,"column":null}}]}},"s":{"0":1,"1":1,"2":6,"3":6,"4":6,"5":1,"6":5,"7":1},"f":{"0":6},"b":{"0":[1]}}
,"/home/ludmila/Projetos_base/base3/src/routes/router.ts": {"path":"/home/ludmila/Projetos_base/base3/src/routes/router.ts","statementMap":{"0":{"start":{"line":1,"column":0},"end":{"line":1,"column":33}},"1":{"start":{"line":2,"column":0},"end":{"line":2,"column":43}},"2":{"start":{"line":5,"column":15},"end":{"line":5,"column":23}},"3":{"start":{"line":7,"column":0},"end":{"line":7,"column":24}},"4":{"start":{"line":12,"column":0},"end":{"line":12,"column":22}}},"fnMap":{},"branchMap":{},"s":{"0":1,"1":1,"2":1,"3":1,"4":1},"f":{},"b":{}}
,"/home/ludmila/Projetos_base/base3/src/routes/toolsRoutes.ts": {"path":"/home/ludmila/Projetos_base/base3/src/routes/toolsRoutes.ts","statementMap":{"0":{"start":{"line":1,"column":0},"end":{"line":1,"column":33}},"1":{"start":{"line":2,"column":0},"end":{"line":2,"column":67}},"2":{"start":{"line":3,"column":0},"end":{"line":3,"column":66}},"3":{"start":{"line":6,"column":20},"end":{"line":6,"column":28}},"4":{"start":{"line":8,"column":0},"end":{"line":8,"column":52}},"5":{"start":{"line":10,"column":0},"end":{"line":10,"column":88}},"6":{"start":{"line":12,"column":0},"end":{"line":12,"column":62}},"7":{"start":{"line":15,"column":0},"end":{"line":15,"column":27}}},"fnMap":{},"branchMap":{},"s":{"0":1,"1":1,"2":1,"3":1,"4":1,"5":1,"6":1,"7":1},"f":{},"b":{}}
,"/home/ludmila/Projetos_base/base3/src/schemas/toolsSchema.ts": {"path":"/home/ludmila/Projetos_base/base3/src/schemas/toolsSchema.ts","statementMap":{"0":{"start":{"line":1,"column":0},"end":{"line":1,"column":22}},"1":{"start":{"line":4,"column":13},"end":{"line":9,"column":null}}},"fnMap":{},"branchMap":{},"s":{"0":1,"1":1},"f":{},"b":{}}
,"/home/ludmila/Projetos_base/base3/src/services/toolsService.ts": {"path":"/home/ludmila/Projetos_base/base3/src/services/toolsService.ts","statementMap":{"0":{"start":{"line":1,"column":0},"end":{"line":1,"column":69}},"1":{"start":{"line":3,"column":0},"end":{"line":3,"column":69}},"2":{"start":{"line":9,"column":20},"end":{"line":9,"column":52}},"3":{"start":{"line":10,"column":4},"end":{"line":10,"column":65}},"4":{"start":{"line":10,"column":27},"end":{"line":10,"column":65}},"5":{"start":{"line":12,"column":4},"end":{"line":12,"column":null}},"6":{"start":{"line":8,"column":0},"end":{"line":8,"column":22}},"7":{"start":{"line":16,"column":20},"end":{"line":16,"column":68}},"8":{"start":{"line":17,"column":2},"end":{"line":17,"column":null}},"9":{"start":{"line":17,"column":16},"end":{"line":17,"column":null}},"10":{"start":{"line":19,"column":18},"end":{"line":19,"column":58}},"11":{"start":{"line":21,"column":2},"end":{"line":21,"column":null}},"12":{"start":{"line":15,"column":0},"end":{"line":15,"column":22}},"13":{"start":{"line":24,"column":19},"end":{"line":24,"column":56}},"14":{"start":{"line":26,"column":4},"end":{"line":26,"column":56}},"15":{"start":{"line":26,"column":19},"end":{"line":26,"column":56}},"16":{"start":{"line":28,"column":4},"end":{"line":28,"column":null}},"17":{"start":{"line":30,"column":22},"end":{"line":30,"column":59}},"18":{"start":{"line":31,"column":4},"end":{"line":31,"column":null}},"19":{"start":{"line":31,"column":20},"end":{"line":31,"column":null}},"20":{"start":{"line":23,"column":0},"end":{"line":23,"column":23}}},"fnMap":{"0":{"name":"getTools","decl":{"start":{"line":8,"column":22},"end":{"line":8,"column":30}},"loc":{"start":{"line":8,"column":30},"end":{"line":13,"column":null}}},"1":{"name":"createTools","decl":{"start":{"line":15,"column":22},"end":{"line":15,"column":33}},"loc":{"start":{"line":15,"column":55},"end":{"line":22,"column":null}}},"2":{"name":"deleteTool","decl":{"start":{"line":23,"column":23},"end":{"line":23,"column":33}},"loc":{"start":{"line":23,"column":43},"end":{"line":34,"column":null}}}},"branchMap":{"0":{"loc":{"start":{"line":10,"column":4},"end":{"line":10,"column":65}},"type":"if","locations":[{"start":{"line":10,"column":4},"end":{"line":10,"column":65}}]},"1":{"loc":{"start":{"line":17,"column":2},"end":{"line":17,"column":null}},"type":"if","locations":[{"start":{"line":17,"column":2},"end":{"line":17,"column":null}}]},"2":{"loc":{"start":{"line":26,"column":4},"end":{"line":26,"column":56}},"type":"if","locations":[{"start":{"line":26,"column":4},"end":{"line":26,"column":56}}]},"3":{"loc":{"start":{"line":31,"column":4},"end":{"line":31,"column":null}},"type":"if","locations":[{"start":{"line":31,"column":4},"end":{"line":31,"column":null}}]}},"s":{"0":2,"1":2,"2":2,"3":2,"4":1,"5":1,"6":2,"7":5,"8":5,"9":1,"10":4,"11":4,"12":2,"13":3,"14":3,"15":1,"16":2,"17":1,"18":1,"19":1,"20":2},"f":{"0":2,"1":5,"2":3},"b":{"0":[1],"1":[1],"2":[1],"3":[1]}}
,"/home/ludmila/Projetos_base/base3/tests/integration/factories/toolFactory.ts": {"path":"/home/ludmila/Projetos_base/base3/tests/integration/factories/toolFactory.ts","statementMap":{"0":{"start":{"line":3,"column":2},"end":{"line":8,"column":null}},"1":{"start":{"line":2,"column":0},"end":{"line":2,"column":23}},"2":{"start":{"line":11,"column":4},"end":{"line":16,"column":null}},"3":{"start":{"line":10,"column":0},"end":{"line":10,"column":23}}},"fnMap":{"0":{"name":"toolFactory","decl":{"start":{"line":2,"column":23},"end":{"line":2,"column":34}},"loc":{"start":{"line":2,"column":34},"end":{"line":9,"column":null}}},"1":{"name":"toolFactoryWrong","decl":{"start":{"line":10,"column":23},"end":{"line":10,"column":39}},"loc":{"start":{"line":10,"column":39},"end":{"line":17,"column":null}}}},"branchMap":{},"s":{"0":4,"1":1,"2":1,"3":1},"f":{"0":4,"1":1},"b":{}}
}
