TN:
SF:src/index.ts
FNF:0
FNH:0
DA:1,1
DA:2,1
DA:3,1
DA:5,1
DA:6,1
DA:8,1
DA:10,1
DA:11,1
DA:13,1
DA:14,1
DA:16,1
LF:11
LH:11
BRF:0
BRH:0
end_of_record
TN:
SF:src/controllers/toolsController.ts
FN:7,getTools
FN:14,createTools
FN:20,deleteTool
FNF:3
FNH:3
FNDA:2,getTools
FNDA:5,createTools
FNDA:1,deleteTool
DA:2,1
DA:7,1
DA:9,2
DA:10,1
DA:14,1
DA:15,5
DA:16,5
DA:17,4
DA:20,1
DA:21,1
DA:22,1
DA:23,0
DA:25,1
DA:26,1
LF:14
LH:13
BRDA:22,0,0,0
BRF:1
BRH:0
end_of_record
TN:
SF:src/dbStrategy/db.ts
FNF:0
FNH:0
DA:2,2
DA:4,2
DA:5,2
LF:3
LH:3
BRF:0
BRH:0
end_of_record
TN:
SF:src/middlewares/error.ts
FN:5,handleErrorsMiddleware
FNF:1
FNH:1
FNDA:3,handleErrorsMiddleware
DA:3,1
DA:5,1
DA:6,3
DA:8,3
DA:9,3
DA:10,3
DA:13,0
LF:7
LH:6
BRDA:8,0,0,3
BRF:1
BRH:1
end_of_record
TN:
SF:src/middlewares/validateSchema.ts
FN:11,validateTools
FNF:1
FNH:1
FNDA:6,validateTools
DA:5,1
DA:6,1
DA:11,1
DA:12,6
DA:13,6
DA:14,6
DA:15,1
DA:18,5
LF:8
LH:8
BRDA:14,0,0,1
BRF:1
BRH:1
end_of_record
TN:
SF:src/routes/router.ts
FNF:0
FNH:0
DA:1,1
DA:2,1
DA:5,1
DA:7,1
DA:12,1
LF:5
LH:5
BRF:0
BRH:0
end_of_record
TN:
SF:src/routes/toolsRoutes.ts
FNF:0
FNH:0
DA:1,1
DA:2,1
DA:3,1
DA:6,1
DA:8,1
DA:10,1
DA:12,1
DA:15,1
LF:8
LH:8
BRF:0
BRH:0
end_of_record
TN:
SF:src/schemas/toolsSchema.ts
FNF:0
FNH:0
DA:1,1
DA:4,1
LF:2
LH:2
BRF:0
BRH:0
end_of_record
TN:
SF:src/services/toolsService.ts
FN:8,getTools
FN:15,createTools
FN:23,deleteTool
FNF:3
FNH:3
FNDA:2,getTools
FNDA:5,createTools
FNDA:3,deleteTool
DA:1,2
DA:3,2
DA:8,2
DA:9,2
DA:10,2
DA:12,1
DA:15,2
DA:16,5
DA:17,5
DA:19,4
DA:21,4
DA:23,2
DA:24,3
DA:26,3
DA:28,2
DA:30,1
DA:31,1
LF:17
LH:17
BRDA:10,0,0,1
BRDA:17,1,0,1
BRDA:26,2,0,1
BRDA:31,3,0,1
BRF:4
BRH:4
end_of_record
TN:
SF:tests/integration/factories/toolFactory.ts
FN:2,toolFactory
FN:10,toolFactoryWrong
FNF:2
FNH:2
FNDA:4,toolFactory
FNDA:1,toolFactoryWrong
DA:2,1
DA:3,4
DA:10,1
DA:11,1
LF:4
LH:4
BRF:0
BRH:0
end_of_record
